[STYLESHEET MESSAGE] Writing /home/openmobster/projects/openmobster/private/realdevicebb/documentation/app-developer-guide/target/docbook/publish/en-US/html/introduction.html for chapter(introduction)
[STYLESHEET MESSAGE] Writing /home/openmobster/projects/openmobster/private/realdevicebb/documentation/app-developer-guide/target/docbook/publish/en-US/html/programmerdilemma.html for chapter(programmerdilemma)
[STYLESHEET MESSAGE] Writing /home/openmobster/projects/openmobster/private/realdevicebb/documentation/app-developer-guide/target/docbook/publish/en-US/html/concepts.html for chapter(concepts)
[STYLESHEET MESSAGE] Request for label of unexpected element: para
[STYLESHEET MESSAGE] Request for label of unexpected element: para
[STYLESHEET MESSAGE] Request for label of unexpected element: para
[STYLESHEET MESSAGE] Request for label of unexpected element: para
[STYLESHEET MESSAGE] Request for label of unexpected element: para
[STYLESHEET MESSAGE] Request for label of unexpected element: para
[STYLESHEET MESSAGE] Writing /home/openmobster/projects/openmobster/private/realdevicebb/documentation/app-developer-guide/target/docbook/publish/en-US/html/architecture.html for chapter(architecture)
[STYLESHEET MESSAGE] Writing /home/openmobster/projects/openmobster/private/realdevicebb/documentation/app-developer-guide/target/docbook/publish/en-US/html/hellomobster.html for chapter(hellomobster)
[STYLESHEET MESSAGE] Writing /home/openmobster/projects/openmobster/private/realdevicebb/documentation/app-developer-guide/target/docbook/publish/en-US/html/installation.html for chapter(installation)
[STYLESHEET MESSAGE] Writing /home/openmobster/projects/openmobster/private/realdevicebb/documentation/app-developer-guide/target/docbook/publish/en-US/html/managementConsole.html for chapter(managementConsole)
[STYLESHEET MESSAGE] Writing /home/openmobster/projects/openmobster/private/realdevicebb/documentation/app-developer-guide/target/docbook/publish/en-US/html/offlineapp.html for chapter(offlineapp)
[STYLESHEET MESSAGE] Writing /home/openmobster/projects/openmobster/private/realdevicebb/documentation/app-developer-guide/target/docbook/publish/en-US/html/mobilebean.html for chapter(mobilebean)
[STYLESHEET MESSAGE] Writing /home/openmobster/projects/openmobster/private/realdevicebb/documentation/app-developer-guide/target/docbook/publish/en-US/html/mobilerpc.html for chapter(mobilerpc)
[STYLESHEET MESSAGE] Writing /home/openmobster/projects/openmobster/private/realdevicebb/documentation/app-developer-guide/target/docbook/publish/en-US/html/mobletmvc.html for chapter(mobletmvc)
[STYLESHEET MESSAGE] Writing /home/openmobster/projects/openmobster/private/realdevicebb/documentation/app-developer-guide/target/docbook/publish/en-US/html/blackberry.html for chapter(blackberry)
[STYLESHEET MESSAGE] Writing /home/openmobster/projects/openmobster/private/realdevicebb/documentation/app-developer-guide/target/docbook/publish/en-US/html/android.html for chapter(android)
[STYLESHEET MESSAGE] Writing /home/openmobster/projects/openmobster/private/realdevicebb/documentation/app-developer-guide/target/docbook/publish/en-US/html/iphone.html for chapter(iphone)
[STYLESHEET MESSAGE] Writing /home/openmobster/projects/openmobster/private/realdevicebb/documentation/app-developer-guide/target/docbook/publish/en-US/html/index.html for book
